mode: set
github.com/lmchih/server-collector/gc.go:60.33,74.32 10 0
github.com/lmchih/server-collector/gc.go:77.2,78.31 2 0
github.com/lmchih/server-collector/gc.go:81.2,82.31 2 0
github.com/lmchih/server-collector/gc.go:85.2,86.30 2 0
github.com/lmchih/server-collector/gc.go:89.2,90.32 2 0
github.com/lmchih/server-collector/gc.go:93.2,93.40 1 0
github.com/lmchih/server-collector/gc.go:102.2,102.36 1 0
github.com/lmchih/server-collector/gc.go:112.2,112.22 1 0
github.com/lmchih/server-collector/gc.go:74.32,76.3 1 0
github.com/lmchih/server-collector/gc.go:78.31,80.3 1 0
github.com/lmchih/server-collector/gc.go:82.31,84.3 1 0
github.com/lmchih/server-collector/gc.go:86.30,88.3 1 0
github.com/lmchih/server-collector/gc.go:90.32,92.3 1 0
github.com/lmchih/server-collector/gc.go:93.40,95.3 1 0
github.com/lmchih/server-collector/gc.go:95.8,97.17 2 0
github.com/lmchih/server-collector/gc.go:100.3,100.36 1 0
github.com/lmchih/server-collector/gc.go:97.17,98.14 1 0
github.com/lmchih/server-collector/gc.go:102.36,104.3 1 0
github.com/lmchih/server-collector/gc.go:104.8,106.17 2 0
github.com/lmchih/server-collector/gc.go:109.3,109.32 1 0
github.com/lmchih/server-collector/gc.go:106.17,107.14 1 0
github.com/lmchih/server-collector/gc.go:116.40,118.16 2 0
github.com/lmchih/server-collector/gc.go:122.2,123.16 2 0
github.com/lmchih/server-collector/gc.go:126.2,127.10 2 0
github.com/lmchih/server-collector/gc.go:118.16,120.3 1 0
github.com/lmchih/server-collector/gc.go:123.16,125.3 1 0
github.com/lmchih/server-collector/gc.go:131.20,163.69 15 0
github.com/lmchih/server-collector/gc.go:163.69,166.3 2 0
github.com/lmchih/server-collector/gc.go:170.23,173.16 3 0
github.com/lmchih/server-collector/gc.go:177.2,181.72 3 0
github.com/lmchih/server-collector/gc.go:173.16,175.3 1 0
github.com/lmchih/server-collector/gc.go:181.72,184.3 2 0
github.com/lmchih/server-collector/gc.go:188.31,190.2 0 0
github.com/lmchih/server-collector/gc.go:193.34,196.16 2 0
github.com/lmchih/server-collector/gc.go:200.2,200.34 1 0
github.com/lmchih/server-collector/gc.go:196.16,199.3 2 0
github.com/lmchih/server-collector/gc.go:200.34,202.3 1 0
github.com/lmchih/server-collector/gc.go:206.35,209.16 2 0
github.com/lmchih/server-collector/gc.go:213.2,213.34 1 0
github.com/lmchih/server-collector/gc.go:209.16,212.3 2 0
github.com/lmchih/server-collector/gc.go:213.34,215.3 1 0
github.com/lmchih/server-collector/gc.go:218.50,219.24 1 0
github.com/lmchih/server-collector/gc.go:222.2,222.14 1 0
github.com/lmchih/server-collector/gc.go:219.24,221.3 1 0
github.com/lmchih/server-collector/github.go:18.45,28.2 5 1
github.com/lmchih/server-collector/github.go:32.68,33.19 1 1
github.com/lmchih/server-collector/github.go:37.2,38.16 2 1
github.com/lmchih/server-collector/github.go:45.2,56.13 9 1
github.com/lmchih/server-collector/github.go:33.19,35.3 1 0
github.com/lmchih/server-collector/github.go:38.16,42.3 2 0
github.com/lmchih/server-collector/shutdown.go:17.31,19.28 2 1
github.com/lmchih/server-collector/shutdown.go:19.28,25.17 4 0
github.com/lmchih/server-collector/shutdown.go:28.3,33.17 4 0
github.com/lmchih/server-collector/shutdown.go:36.3,36.66 1 0
github.com/lmchih/server-collector/shutdown.go:25.17,27.4 1 0
github.com/lmchih/server-collector/shutdown.go:33.17,34.14 1 0
github.com/lmchih/server-collector/shutdown.go:37.9,46.3 0 1
github.com/lmchih/server-collector/shutdown.go:50.24,63.16 7 0
github.com/lmchih/server-collector/shutdown.go:67.2,67.42 1 0
github.com/lmchih/server-collector/shutdown.go:63.16,65.3 1 0
